1634072221380	geckodriver	INFO	Listening on 127.0.0.1:60334
1634072224453	mozrunner::runner	INFO	Running command: "C:\\Program Files\\Mozilla Firefox\\firefox.exe" "--marionette" "-no-remote" "-profile" "C:\\Users\\ACER\\AppData\\Local\\Temp\\rust_mozprofilekPp4yZ"
1634072225042	Marionette	INFO	Marionette enabled
console.warn: SearchSettings: "get: No settings file exists, new profile?" (new NotFoundError("Could not open the file at C:\\Users\\ACER\\AppData\\Local\\Temp\\rust_mozprofilekPp4yZ\\search.json.mozlz4", (void 0)))
1634072227575	Marionette	INFO	Listening on port 60342
1634072227783	Marionette	INFO	Stopped listening on port 60342
JavaScript error: resource:///modules/Interactions.jsm, line 201: NS_ERROR_FAILURE: Component returned failure code: 0x80004005 (NS_ERROR_FAILURE) [nsIUserIdleService.removeIdleObserver]
console.error: services.settings: 
  main/query-stripping Signature failed  TypeError: NetworkError when attempting to fetch resource.
console.warn: TopSitesFeed: Failed to fetch data from Contile server: NetworkError when attempting to fetch resource.

###!!! [Parent][RunMessage] Error: Channel closing: too late to send/recv, messages will be lost

1634072247111	geckodriver	INFO	Listening on 127.0.0.1:60376
1634072250216	mozrunner::runner	INFO	Running command: "C:\\Program Files\\Mozilla Firefox\\firefox.exe" "--marionette" "-no-remote" "-profile" "C:\\Users\\ACER\\AppData\\Local\\Temp\\rust_mozprofiledC3VJI"
1634072250764	Marionette	INFO	Marionette enabled
console.warn: SearchSettings: "get: No settings file exists, new profile?" (new NotFoundError("Could not open the file at C:\\Users\\ACER\\AppData\\Local\\Temp\\rust_mozprofiledC3VJI\\search.json.mozlz4", (void 0)))
1634072252814	Marionette	INFO	Listening on port 60384
1634072252929	RemoteAgent	WARN	TLS certificate errors will be ignored for this session
[Child 14280, MediaDecoderStateMachine #1] WARNING: 2a0ad105900 Could not set cubeb stream name.: file /builds/worker/checkouts/gecko/dom/media/AudioStream.cpp:367
[Child 14280, MediaDecoderStateMachine #1] WARNING: 29f2592b580 Could not set cubeb stream name.: file /builds/worker/checkouts/gecko/dom/media/AudioStream.cpp:367
[Child 14280, MediaDecoderStateMachine #1] WARNING: 29f2592b580 Could not set cubeb stream name.: file /builds/worker/checkouts/gecko/dom/media/AudioStream.cpp:367
[Child 14280, MediaDecoderStateMachine #1] WARNING: 29f2953ee40 Could not set cubeb stream name.: file /builds/worker/checkouts/gecko/dom/media/AudioStream.cpp:367
[Child 14280, MediaDecoderStateMachine #1] WARNING: 29f2a5704a0 Could not set cubeb stream name.: file /builds/worker/checkouts/gecko/dom/media/AudioStream.cpp:367
[Child 14280, MediaDecoderStateMachine #1] WARNING: 29f2592b9e0 Could not set cubeb stream name.: file /builds/worker/checkouts/gecko/dom/media/AudioStream.cpp:367
[Child 14280, MediaDecoderStateMachine #1] WARNING: 29f25990580 Could not set cubeb stream name.: file /builds/worker/checkouts/gecko/dom/media/AudioStream.cpp:367
SourceActor threw an exception: [Exception... "Failed to open input source 'file:///'"  nsresult: "0x80004005 (NS_ERROR_FAILURE)"  location: "JS frame :: resource://devtools/shared/DevToolsUtils.js :: mainThreadFetch/< :: line 670"  data: yes]
Stack: mainThreadFetch/<@resource://devtools/shared/DevToolsUtils.js:670:15
mainThreadFetch@resource://devtools/shared/DevToolsUtils.js:516:10
_fetchURLContents@resource://devtools/server/actors/utils/sources-manager.js:442:22
urlContents@resource://devtools/server/actors/utils/sources-manager.js:406:17
_resurrectSource@resource://devtools/server/actors/thread.js:2091:35
addAllSources@resource://devtools/server/actors/thread.js:1446:14
watch@resource://devtools/server/actors/resources/sources.js:52:17
watchResources@resource://devtools/server/actors/resources/index.js:242:19
_watchTargetResources@resource://devtools/server/actors/targets/target-actor-mixin.js:159:24
addWatcherDataEntry@resource://devtools/server/actors/targets/target-actor-mixin.js:50:20
_addWatcherDataEntry@resource://devtools/server/connectors/js-window-actor/DevToolsFrameChild.jsm:576:24
receiveMessage@resource://devtools/server/connectors/js-window-actor/DevToolsFrameChild.jsm:490:21
Line: 670, column: 0
console.error: ({})
JavaScript error: resource://devtools/shared/DevToolsUtils.js, line 670: NS_ERROR_FAILURE: Failed to open input source 'file:///'
JavaScript error: resource://devtools/server/actors/network-monitor/network-event-actor.js, line 109: Error: Got a request https://static.twitchcdn.net/assets/core-6b55acc17275c7f87b53.css without a browsingContextID set
console.log: WebExtensions: reset-default-search: starting.
console.log: WebExtensions: reset-default-search: No addons in our list are installed.
1634072855618	Marionette	INFO	Stopped listening on port 60384
JavaScript error: resource:///modules/Interactions.jsm, line 201: NS_ERROR_FAILURE: Component returned failure code: 0x80004005 (NS_ERROR_FAILURE) [nsIUserIdleService.removeIdleObserver]
oundError("Could not open the file at C:\\Users\\ACER\\AppData\\Local\\Temp\\rust_mozprofileyfXu1J\\search.json.mozlz4", (void 0)))
1634072391021	Marionette	INFO	Listening on port 55660
1634072391366	RemoteAgent	WARN	TLS certificate errors will be ignored for this session
1634072491467	Marionette	INFO	Stopped listening on port 55660
JavaScript error: resource:///modules/Interactions.jsm, line 201: NS_ERROR_FAILURE: Component returned failure code: 0x80004005 (NS_ERROR_FAILURE) [nsIUserIdleService.removeIdleObserver]
console.warn: TopSitesFeed: Failed to fetch data from Contile server: NetworkError when attempting to fetch resource.

###!!! [Parent][MessageChannel] Error: (msgtype=0x39007A,name=PContent::Msg_DestroyBrowsingContextGroup) Closed channel: cannot send/recv

1634072517536	geckodriver	INFO	Listening on 127.0.0.1:59245
1634072520622	mozrunner::runner	INFO	Running command: "C:\\Program Files\\Mozilla Firefox\\firefox.exe" "--marionette" "-no-remote" "-profile" "C:\\Users\\ACER\\AppData\\Local\\Temp\\rust_mozprofileBfyl46"
1634072521247	Marionette	INFO	Marionette enabled
console.warn: SearchSettings: "get: No settings file exists, new profile?" (new NotFoundError("Could not open the file at C:\\Users\\ACER\\AppData\\Local\\Temp\\rust_mozprofileBfyl46\\search.json.mozlz4", (void 0)))
1634072523407	Marionette	INFO	Listening on port 59253
1634072523842	RemoteAgent	WARN	TLS certificate errors will be ignored for this session
1634072542193	Marionette	INFO	Stopped listening on port 59253
JavaScript error: resource:///modules/Interactions.jsm, line 201: NS_ERROR_FAILURE: Component returned failure code: 0x80004005 (NS_ERROR_FAILURE) [nsIUserIdleService.removeIdleObserver]
1634072577793	geckodriver	INFO	Listening on 127.0.0.1:52621
1634072580852	mozrunner::runner	INFO	Running command: "C:\\Program Files\\Mozilla Firefox\\firefox.exe" "--marionette" "-no-remote" "-profile" "C:\\Users\\ACER\\AppData\\Local\\Temp\\rust_mozprofilepxjQGJ"
1634072581260	Marionette	INFO	Marionette enabled
console.warn: SearchSettings: "get: No settings file exists, new profile?" (new NotFoundError("Could not open the file at C:\\Users\\ACER\\AppData\\Local\\Temp\\rust_mozprofilepxjQGJ\\search.json.mozlz4", (void 0)))
1634072583350	Marionette	INFO	Listening on port 52629
1634072583587	RemoteAgent	WARN	TLS certificate errors will be ignored for this session
1634072605035	Marionette	INFO	Stopped listening on port 52629
JavaScript error: resource:///modules/Interactions.jsm, line 201: NS_ERROR_FAILURE: Component returned failure code: 0x80004005 (NS_ERROR_FAILURE) [nsIUserIdleService.removeIdleObserver]
console.warn: TopSitesFeed: Failed to fetch data from Contile server: NetworkError when attempting to fetch resource.

###!!! [Child][RunMessage] Error: Channel closing: too late to send/recv, messages will be lost


###!!! [Child][RunMessage] Error: Channel closing: too late to send/recv, messages will be lost

1634072623804	geckodriver	INFO	Listening on 127.0.0.1:58238
1634072626895	mozrunner::runner	INFO	Running command: "C:\\Program Files\\Mozilla Firefox\\firefox.exe" "--marionette" "-no-remote" "-profile" "C:\\Users\\ACER\\AppData\\Local\\Temp\\rust_mozprofile7p3KoO"
1634072627256	Marionette	INFO	Marionette enabled
console.warn: SearchSettings: "get: No settings file exists, new profile?" (new NotFoundError("Could not open the file at C:\\Users\\ACER\\AppData\\Local\\Temp\\rust_mozprofile7p3KoO\\search.json.mozlz4", (void 0)))
1634072629405	Marionette	INFO	Listening on port 58247
1634072629613	RemoteAgent	WARN	TLS certificate errors will be ignored for this session
1634072647116	Marionette	INFO	Stopped listening on port 58247
JavaScript error: resource:///modules/Interactions.jsm, line 201: NS_ERROR_FAILURE: Component returned failure code: 0x80004005 (NS_ERROR_FAILURE) [nsIUserIdleService.removeIdleObserver]
console.warn: TopSitesFeed: Failed to fetch data from Contile server: NetworkError when attempting to fetch resource.
1634072723371	geckodriver	INFO	Listening on 127.0.0.1:51070
1634072726466	mozrunner::runner	INFO	Running command: "C:\\Program Files\\Mozilla Firefox\\firefox.exe" "--marionette" "-no-remote" "-profile" "C:\\Users\\ACER\\AppData\\Local\\Temp\\rust_mozprofileCFOd9O"
1634072726910	Marionette	INFO	Marionette enabled
console.warn: SearchSettings: "get: No settings file exists, new profile?" (new NotFoundError("Could not open the file at C:\\Users\\ACER\\AppData\\Local\\Temp\\rust_mozprofileCFOd9O\\search.json.mozlz4", (void 0)))
1634072729055	Marionette	INFO	Listening on port 51079
1634072729189	RemoteAgent	WARN	TLS certificate errors will be ignored for this session
SourceActor threw an exception: [Exception... "Failed to open input source 'file:///'"  nsresult: "0x80004005 (NS_ERROR_FAILURE)"  location: "JS frame :: resource://devtools/shared/DevToolsUtils.js :: mainThreadFetch/< :: line 670"  data: yes]
Stack: mainThreadFetch/<@resource://devtools/shared/DevToolsUtils.js:670:15
mainThreadFetch@resource://devtools/shared/DevToolsUtils.js:516:10
_fetchURLContents@resource://devtools/server/actors/utils/sources-manager.js:442:22
urlContents@resource://devtools/server/actors/utils/sources-manager.js:406:17
_resurrectSource@resource://devtools/server/actors/thread.js:2091:35
addAllSources@resource://devtools/server/actors/thread.js:1446:14
watch@resource://devtools/server/actors/resources/sources.js:52:17
watchResources@resource://devtools/server/actors/resources/index.js:242:19
_watchTargetResources@resource://devtools/server/actors/targets/target-actor-mixin.js:159:24
addWatcherDataEntry@resource://devtools/server/actors/targets/target-actor-mixin.js:50:20
_addWatcherDataEntry@resource://devtools/server/connectors/js-window-actor/DevToolsFrameChild.jsm:576:24
receiveMessage@resource://devtools/server/connectors/js-window-actor/DevToolsFrameChild.jsm:490:21
Line: 670, column: 0
console.error: ({})
JavaScript error: resource://devtools/shared/DevToolsUtils.js, line 670: NS_ERROR_FAILURE: Failed to open input source 'file:///'
JavaScript error: resource://devtools/server/actors/network-monitor/network-event-actor.js, line 109: Error: Got a request https://static.twitchcdn.net/assets/core-6b55acc17275c7f87b53.css without a browsingContextID set
1634072852499	Marionette	INFO	Stopped listening on port 51079
JavaScript error: resource:///modules/Interactions.jsm, line 201: NS_ERROR_FAILURE: Component returned failure code: 0x80004005 (NS_ERROR_FAILURE) [nsIUserIdleService.removeIdleObserver]
console.warn: TopSitesFeed: Failed to fetch data from Contile server: NetworkError when attempting to fetch resource.
xists, new profile?" (new NotFoundError("Could not open the file at C:\\Users\\ACER\\AppData\\Local\\Temp\\rust_mozprofileh8YYvk\\search.json.mozlz4", (void 0)))
1634072778100	Marionette	INFO	Listening on port 54019
1634072778163	RemoteAgent	WARN	TLS certificate errors will be ignored for this session
[Child 16964, MediaDecoderStateMachine #1] WARNING: 298808cb900 Could not set cubeb stream name.: file /builds/worker/checkouts/gecko/dom/media/AudioStream.cpp:367
[Child 16964, MediaDecoderStateMachine #1] WARNING: 298f992bba0 Could not set cubeb stream name.: file /builds/worker/checkouts/gecko/dom/media/AudioStream.cpp:367
[Child 16964, MediaDecoderStateMachine #1] WARNING: 298808cbd60 Could not set cubeb stream name.: file /builds/worker/checkouts/gecko/dom/media/AudioStream.cpp:367
[Child 16964, MediaDecoderStateMachine #1] WARNING: 298fe9fe2e0 Could not set cubeb stream name.: file /builds/worker/checkouts/gecko/dom/media/AudioStream.cpp:367
[Child 16964, MediaDecoderStateMachine #1] WARNING: 298fcf2d040 Could not set cubeb stream name.: file /builds/worker/checkouts/gecko/dom/media/AudioStream.cpp:367
[Child 16964, MediaDecoderStateMachine #1] WARNING: 298808cb200 Could not set cubeb stream name.: file /builds/worker/checkouts/gecko/dom/media/AudioStream.cpp:367
1634072834241	Marionette	INFO	Stopped listening on port 54019
JavaScript error: resource:///modules/Interactions.jsm, line 201: NS_ERROR_FAILURE: Component returned failure code: 0x80004005 (NS_ERROR_FAILURE) [nsIUserIdleService.removeIdleObserver]
console.warn: TopSitesFeed: Failed to fetch data from Contile server: NetworkError when attempting to fetch resource.
1634073190222	geckodriver	INFO	Listening on 127.0.0.1:60101
1634073193301	mozrunner::runner	INFO	Running command: "C:\\Program Files\\Mozilla Firefox\\firefox.exe" "--marionette" "-no-remote" "-profile" "C:\\Users\\ACER\\AppData\\Local\\Temp\\rust_mozprofileHnEile"
1634073193854	Marionette	INFO	Marionette enabled
console.warn: SearchSettings: "get: No settings file exists, new profile?" (new NotFoundError("Could not open the file at C:\\Users\\ACER\\AppData\\Local\\Temp\\rust_mozprofileHnEile\\search.json.mozlz4", (void 0)))
1634073195878	Marionette	INFO	Listening on port 60109
1634073196009	RemoteAgent	WARN	TLS certificate errors will be ignored for this session
console.error: Region.jsm: "Error fetching region" (new Error("TIMEOUT", "resource://gre/modules/Region.jsm", 772))
console.error: Region.jsm: "Failed to fetch region" (new Error("TIMEOUT", "resource://gre/modules/Region.jsm", 419))
JavaScript error: https://www.twitch.tv/directory/game/Grand%20Theft%20Auto%20V/clips?range=7d, line 1: ChunkLoadError: Loading chunk 42950 failed.
(error: https://static.twitchcdn.net/assets/player-core-variant-b-6ca3312918322b2a1f5c.js)
[Child 15480, MediaDecoderStateMachine #1] WARNING: 1468aa96740 Could not set cubeb stream name.: file /builds/worker/checkouts/gecko/dom/media/AudioStream.cpp:367
[Child 15480, MediaDecoderStateMachine #1] WARNING: 1468d758120 Could not set cubeb stream name.: file /builds/worker/checkouts/gecko/dom/media/AudioStream.cpp:367
[Child 15480, MediaDecoderStateMachine #1] WARNING: 1468d758120 Could not set cubeb stream name.: file /builds/worker/checkouts/gecko/dom/media/AudioStream.cpp:367
[Child 15480, MediaDecoderStateMachine #1] WARNING: 1468aa96740 Could not set cubeb stream name.: file /builds/worker/checkouts/gecko/dom/media/AudioStream.cpp:367
SourceActor threw an exception: [Exception... "Failed to open input source 'file:///'"  nsresult: "0x80004005 (NS_ERROR_FAILURE)"  location: "JS frame :: resource://devtools/shared/DevToolsUtils.js :: mainThreadFetch/< :: line 670"  data: yes]
Stack: mainThreadFetch/<@resource://devtools/shared/DevToolsUtils.js:670:15
mainThreadFetch@resource://devtools/shared/DevToolsUtils.js:516:10
_fetchURLContents@resource://devtools/server/actors/utils/sources-manager.js:442:22
urlContents@resource://devtools/server/actors/utils/sources-manager.js:406:17
_resurrectSource@resource://devtools/server/actors/thread.js:2091:35
addAllSources@resource://devtools/server/actors/thread.js:1446:14
watch@resource://devtools/server/actors/resources/sources.js:52:17
watchResources@resource://devtools/server/actors/resources/index.js:242:19
_watchTargetResources@resource://devtools/server/actors/targets/target-actor-mixin.js:159:24
addWatcherDataEntry@resource://devtools/server/actors/targets/target-actor-mixin.js:50:20
_addWatcherDataEntry@resource://devtools/server/connectors/js-window-actor/DevToolsFrameChild.jsm:576:24
receiveMessage@resource://devtools/server/connectors/js-window-actor/DevToolsFrameChild.jsm:490:21
Line: 670, column: 0
console.error: ({})
JavaScript error: resource://devtools/shared/DevToolsUtils.js, line 670: NS_ERROR_FAILURE: Failed to open input source 'file:///'
JavaScript error: resource://devtools/server/actors/network-monitor/network-event-actor.js, line 109: Error: Got a request https://static.twitchcdn.net/assets/core-6b55acc17275c7f87b53.css without a browsingContextID set
1634073319217	Marionette	INFO	Stopped listening on port 60109
JavaScript error: resource:///modules/Interactions.jsm, line 201: NS_ERROR_FAILURE: Component returned failure code: 0x80004005 (NS_ERROR_FAILURE) [nsIUserIdleService.removeIdleObserver]

###!!! [Child][RunMessage] Error: Channel closing: too late to send/recv, messages will be lost


###!!! [Child][RunMessage] Error: Channel closing: too late to send/recv, messages will be lost


###!!! [Child][RunMessage] Error: Channel closing: too late to send/recv, messages will be lost


###!!! [Child][RunMessage] Error: Channel closing: too late to send/recv, messages will be lost


###!!! [Child][RunMessage] Error: Channel closing: too late to send/recv, messages will be lost


###!!! [Child][RunMessage] Error: Channel closing: too late to send/recv, messages will be lost


###!!! [Child][RunMessage] Error: Channel closing: too late to send/recv, messages will be lost


###!!! [Child][RunMessage] Error: Channel closing: too late to send/recv, messages will be lost


###!!! [Child][RunMessage] Error: Channel closing: too late to send/recv, messages will be lost


###!!! [Child][RunMessage] Error: Channel closing: too late to send/recv, messages will be lost


###!!! [Child][RunMessage] Error: Channel closing: too late to send/recv, messages will be lost


###!!! [Child][RunMessage] Error: Channel closing: too late to send/recv, messages will be lost


###!!! [Child][RunMessage] Error: Channel closing: too late to send/recv, messages will be lost


###!!! [Child][RunMessage] Error: Channel closing: too late to send/recv, messages will be lost


###!!! [Child][RunMessage] Error: Channel closing: too late to send/recv, messages will be lost


###!!! [Child][RunMessage] Error: Channel closing: too late to send/recv, messages will be lost


###!!! [Child][RunMessage] Error: Channel closing: too late to send/recv, messages will be lost


###!!! [Child][RunMessage] Error: Channel closing: too late to send/recv, messages will be lost


###!!! [Child][RunMessage] Error: Channel closing: too late to send/recv, messages will be lost


###!!! [Child][RunMessage] Error: Channel closing: too late to send/recv, messages will be lost


###!!! [Child][RunMessage] Error: Channel closing: too late to send/recv, messages will be lost


###!!! [Child][RunMessage] Error: Channel closing: too late to send/recv, messages will be lost


###!!! [Parent][MessageChannel] Error: (msgtype=0x39007A,name=PContent::Msg_DestroyBrowsingContextGroup) Closed channel: cannot send/recv


###!!! [Child][RunMessage] Error: Channel closing: too late to send/recv, messages will be lost


###!!! [Child][RunMessage] Error: Channel closing: too late to send/recv, messages will be lost


###!!! [Child][RunMessage] Error: Channel closing: too late to send/recv, messages will be lost


###!!! [Child][RunMessage] Error: Channel closing: too late to send/recv, messages will be lost


###!!! [Child][RunMessage] Error: Channel closing: too late to send/recv, messages will be lost


###!!! [Child][RunMessage] Error: Channel closing: too late to send/recv, messages will be lost


###!!! [Child][RunMessage] Error: Channel closing: too late to send/recv, messages will be lost


###!!! [Child][RunMessage] Error: Channel closing: too late to send/recv, messages will be lost


###!!! [Child][RunMessage] Error: Channel closing: too late to send/recv, messages will be lost


###!!! [Child][RunMessage] Error: Channel closing: too late to send/recv, messages will be lost


###!!! [Child][RunMessage] Error: Channel closing: too late to send/recv, messages will be lost


###!!! [Child][RunMessage] Error: Channel closing: too late to send/recv, messages will be lost


###!!! [Child][RunMessage] Error: Channel closing: too late to send/recv, messages will be lost


###!!! [Child][RunMessage] Error: Channel closing: too late to send/recv, messages will be lost


###!!! [Child][RunMessage] Error: Channel closing: too late to send/recv, messages will be lost


###!!! [Child][RunMessage] Error: Channel closing: too late to send/recv, messages will be lost


###!!! [Child][RunMessage] Error: Channel closing: too late to send/recv, messages will be lost


###!!! [Child][RunMessage] Error: Channel closing: too late to send/recv, messages will be lost


###!!! [Child][RunMessage] Error: Channel closing: too late to send/recv, messages will be lost


###!!! [Child][RunMessage] Error: Channel closing: too late to send/recv, messages will be lost


###!!! [Child][RunMessage] Error: Channel closing: too late to send/recv, messages will be lost


###!!! [Child][RunMessage] Error: Channel closing: too late to send/recv, messages will be lost


###!!! [Child][RunMessage] Error: Channel closing: too late to send/recv, messages will be lost


###!!! [Child][RunMessage] Error: Channel closing: too late to send/recv, messages will be lost


###!!! [Child][RunMessage] Error: Channel closing: too late to send/recv, messages will be lost


###!!! [Child][RunMessage] Error: Channel closing: too late to send/recv, messages will be lost


###!!! [Child][RunMessage] Error: Channel closing: too late to send/recv, messages will be lost


###!!! [Child][RunMessage] Error: Channel closing: too late to send/recv, messages will be lost


###!!! [Child][RunMessage] Error: Channel closing: too late to send/recv, messages will be lost


###!!! [Child][RunMessage] Error: Channel closing: too late to send/recv, messages will be lost


###!!! [Child][MessageChannel] Error: (msgtype=0x23002F,name=PBrowser::Msg___delete__) Channel closing: too late to send/recv, messages will be lost

1634073321551	geckodriver	INFO	Listening on 127.0.0.1:60277
1634073324649	mozrunner::runner	INFO	Running command: "C:\\Program Files\\Mozilla Firefox\\firefox.exe" "--marionette" "-no-remote" "-profile" "C:\\Users\\ACER\\AppData\\Local\\Temp\\rust_mozprofileZct8aq"
1634073325170	Marionette	INFO	Marionette enabled
console.warn: SearchSettings: "get: No settings file exists, new profile?" (new NotFoundError("Could not open the file at C:\\Users\\ACER\\AppData\\Local\\Temp\\rust_mozprofileZct8aq\\search.json.mozlz4", (void 0)))
1634073327133	Marionette	INFO	Listening on port 60285
1634073327336	RemoteAgent	WARN	TLS certificate errors will be ignored for this session
1634073379831	Marionette	INFO	Stopped listening on port 60285
JavaScript error: resource:///modules/Interactions.jsm, line 201: NS_ERROR_FAILURE: Component returned failure code: 0x80004005 (NS_ERROR_FAILURE) [nsIUserIdleService.removeIdleObserver]
console.warn: TopSitesFeed: Failed to fetch data from Contile server: NetworkError when attempting to fetch resource.

###!!! [Parent][MessageChannel] Error: (msgtype=0x39007A,name=PContent::Msg_DestroyBrowsingContextGroup) Closed channel: cannot send/recv


###!!! [Child][MessageChannel] Error: (msgtype=0x23002F,name=PBrowser::Msg___delete__) Channel closing: too late to send/recv, messages will be lost

1634073421844	geckodriver	INFO	Listening on 127.0.0.1:60391
1634073424919	mozrunner::runner	INFO	Running command: "C:\\Program Files\\Mozilla Firefox\\firefox.exe" "--marionette" "-no-remote" "-profile" "C:\\Users\\ACER\\AppData\\Local\\Temp\\rust_mozprofilesyQQfz"
1634073425506	Marionette	INFO	Marionette enabled
console.warn: SearchSettings: "get: No settings file exists, new profile?" (new NotFoundError("Could not open the file at C:\\Users\\ACER\\AppData\\Local\\Temp\\rust_mozprofilesyQQfz\\search.json.mozlz4", (void 0)))
1634073427658	Marionette	INFO	Listening on port 60399
1634073428189	RemoteAgent	WARN	TLS certificate errors will be ignored for this session
SourceActor threw an exception: [Exception... "Failed to open input source 'file:///'"  nsresult: "0x80004005 (NS_ERROR_FAILURE)"  location: "JS frame :: resource://devtools/shared/DevToolsUtils.js :: mainThreadFetch/< :: line 670"  data: yes]
Stack: mainThreadFetch/<@resource://devtools/shared/DevToolsUtils.js:670:15
mainThreadFetch@resource://devtools/shared/DevToolsUtils.js:516:10
_fetchURLContents@resource://devtools/server/actors/utils/sources-manager.js:442:22
urlContents@resource://devtools/server/actors/utils/sources-manager.js:406:17
_resurrectSource@resource://devtools/server/actors/thread.js:2091:35
addAllSources@resource://devtools/server/actors/thread.js:1446:14
watch@resource://devtools/server/actors/resources/sources.js:52:17
watchResources@resource://devtools/server/actors/resources/index.js:242:19
_watchTargetResources@resource://devtools/server/actors/targets/target-actor-mixin.js:159:24
addWatcherDataEntry@resource://devtools/server/actors/targets/target-actor-mixin.js:50:20
_addWatcherDataEntry@resource://devtools/server/connectors/js-window-actor/DevToolsFrameChild.jsm:576:24
receiveMessage@resource://devtools/server/connectors/js-window-actor/DevToolsFrameChild.jsm:490:21
Line: 670, column: 0
console.error: ({})
JavaScript error: resource://devtools/shared/DevToolsUtils.js, line 670: NS_ERROR_FAILURE: Failed to open input source 'file:///'
JavaScript error: resource://devtools/server/actors/network-monitor/network-event-actor.js, line 109: Error: Got a request https://static.twitchcdn.net/assets/core-6b55acc17275c7f87b53.css without a browsingContextID set
1634073463823	Marionette	INFO	Stopped listening on port 60399
JavaScript error: resource:///modules/Interactions.jsm, line 201: NS_ERROR_FAILURE: Component returned failure code: 0x80004005 (NS_ERROR_FAILURE) [nsIUserIdleService.removeIdleObserver]

###!!! [Child][MessageChannel] Error: (msgtype=0x680023,name=PNecko::Msg_RemoveRequestContext) Channel closing: too late to send/recv, messages will be lost


###!!! [Child][RunMessage] Error: Channel closing: too late to send/recv, messages will be lost


###!!! [Child][MessageChannel] Error: (msgtype=0x390145,name=PContent::Msg_ScriptError) Channel closing: too late to send/recv, messages will be lost


###!!! [Child][MessageChannel] Error: (msgtype=0xA70006,name=PWebSocket::Msg_DeleteSelf) Channel closing: too late to send/recv, messages will be lost


###!!! [Child][MessageChannel] Error: (msgtype=0x390145,name=PContent::Msg_ScriptError) Channel closing: too late to send/recv, messages will be lost


###!!! [Child][MessageChannel] Error: (msgtype=0xA70006,name=PWebSocket::Msg_DeleteSelf) Channel closing: too late to send/recv, messages will be lost

1634073466979	geckodriver	INFO	Listening on 127.0.0.1:60509
1634073470040	mozrunner::runner	INFO	Running command: "C:\\Program Files\\Mozilla Firefox\\firefox.exe" "--marionette" "-no-remote" "-profile" "C:\\Users\\ACER\\AppData\\Local\\Temp\\rust_mozprofilepPWrmw"
1634073470502	Marionette	INFO	Marionette enabled
console.warn: SearchSettings: "get: No settings file exists, new profile?" (new NotFoundError("Could not open the file at C:\\Users\\ACER\\AppData\\Local\\Temp\\rust_mozprofilepPWrmw\\search.json.mozlz4", (void 0)))
1634073472611	Marionette	INFO	Listening on port 60518
1634073472724	RemoteAgent	WARN	TLS certificate errors will be ignored for this session
1634073546469	Marionette	INFO	Stopped listening on port 60518
JavaScript error: resource:///modules/Interactions.jsm, line 201: NS_ERROR_FAILURE: Component returned failure code: 0x80004005 (NS_ERROR_FAILURE) [nsIUserIdleService.removeIdleObserver]
console.warn: TopSitesFeed: Failed to fetch data from Contile server: NetworkError when attempting to fetch resource.
1634074171242	geckodriver	INFO	Listening on 127.0.0.1:60876
1634074174334	mozrunner::runner	INFO	Running command: "C:\\Program Files\\Mozilla Firefox\\firefox.exe" "--marionette" "-no-remote" "-profile" "C:\\Users\\ACER\\AppData\\Local\\Temp\\rust_mozprofilepjfOZK"
1634074174833	Marionette	INFO	Marionette enabled
console.warn: SearchSettings: "get: No settings file exists, new profile?" (new NotFoundError("Could not open the file at C:\\Users\\ACER\\AppData\\Local\\Temp\\rust_mozprofilepjfOZK\\search.json.mozlz4", (void 0)))
1634074176946	Marionette	INFO	Listening on port 60884
1634074177045	RemoteAgent	WARN	TLS certificate errors will be ignored for this session
console.log: WebExtensions: reset-default-search: starting.
console.log: WebExtensions: reset-default-search: No addons in our list are installed.
1634075110886	Marionette	INFO	Stopped listening on port 60884
JavaScript error: resource:///modules/Interactions.jsm, line 201: NS_ERROR_FAILURE: Component returned failure code: 0x80004005 (NS_ERROR_FAILURE) [nsIUserIdleService.removeIdleObserver]
console.warn: TopSitesFeed: Failed to fetch data from Contile server: NetworkError when attempting to fetch resource.
xists, new profile?" (new NotFoundError("Could not open the file at C:\\Users\\ACER\\AppData\\Local\\Temp\\rust_mozprofile6dcpIC\\search.json.mozlz4", (void 0)))
1634074908627	Marionette	INFO	Listening on port 51476
1634074908939	RemoteAgent	WARN	TLS certificate errors will be ignored for this session
[Child 4152, MediaDecoderStateMachine #1] WARNING: 2240be87e40 Could not set cubeb stream name.: file /builds/worker/checkouts/gecko/dom/media/AudioStream.cpp:367
1634075104931	Marionette	INFO	Stopped listening on port 51476
JavaScript error: resource:///modules/Interactions.jsm, line 201: NS_ERROR_FAILURE: Component returned failure code: 0x80004005 (NS_ERROR_FAILURE) [nsIUserIdleService.removeIdleObserver]
console.warn: TopSitesFeed: Failed to fetch data from Contile server: NetworkError when attempting to fetch resource.

###!!! [Child][RunMessage] Error: Channel closing: too late to send/recv, messages will be lost

1634075880012	geckodriver	INFO	Listening on 127.0.0.1:61338
1634075883094	mozrunner::runner	INFO	Running command: "C:\\Program Files\\Mozilla Firefox\\firefox.exe" "--marionette" "-no-remote" "-profile" "C:\\Users\\ACER\\AppData\\Local\\Temp\\rust_mozprofile21E6T5"
1634075883646	Marionette	INFO	Marionette enabled
console.warn: SearchSettings: "get: No settings file exists, new profile?" (new NotFoundError("Could not open the file at C:\\Users\\ACER\\AppData\\Local\\Temp\\rust_mozprofile21E6T5\\search.json.mozlz4", (void 0)))
1634075886006	Marionette	INFO	Listening on port 61347
1634075886321	RemoteAgent	WARN	TLS certificate errors will be ignored for this session
1634076013930	Marionette	INFO	Stopped listening on port 61347
JavaScript error: resource:///modules/Interactions.jsm, line 201: NS_ERROR_FAILURE: Component returned failure code: 0x80004005 (NS_ERROR_FAILURE) [nsIUserIdleService.removeIdleObserver]
console.warn: TopSitesFeed: Failed to fetch data from Contile serconsole.warn: SearchSettings: "get: No settings file exists, new profile?" (new NotFoundError("Could not open the file at C:\\Users\\ACER\\AppData\\Local\\Temp\\rust_mozprofilen7SIn1\\search.json.mozlz4", (void 0)))
1634076016097	Marionette	INFO	Listening on port 61468
1634076016263	RemoteAgent	WARN	TLS certificate errors will be ignored for this session
1634076080195	Marionette	INFO	Stopped listening on port 61468
JavaScript error: resource:///modules/Interactions.jsm, line 201: NS_ERROR_FAILURE: Component returned failure code: 0x80004005 (NS_ERROR_FAILURE) [nsIUserIdleService.removeIdleObserver]
console.warn: TopSitesFeed: Failed to fetch data from Contile server: NetworkError when attempting to fetch resource.
